TN:
SF:cli.js
FN:39,runCLI
FN:66,handleCompression
FN:134,handleCompare
FNF:3
FNH:0
FNDA:0,runCLI
FNDA:0,handleCompression
FNDA:0,handleCompare
DA:5,1
DA:6,1
DA:7,1
DA:8,1
DA:9,1
DA:11,1
DA:40,0
DA:41,0
DA:42,0
DA:45,0
DA:47,0
DA:48,0
DA:49,0
DA:50,0
DA:51,0
DA:52,0
DA:53,0
DA:55,0
DA:56,0
DA:67,0
DA:68,0
DA:69,0
DA:70,0
DA:73,0
DA:74,0
DA:75,0
DA:77,0
DA:78,0
DA:79,0
DA:80,0
DA:83,0
DA:84,0
DA:85,0
DA:88,0
DA:90,0
DA:92,0
DA:93,0
DA:95,0
DA:98,0
DA:100,0
DA:101,0
DA:102,0
DA:105,0
DA:106,0
DA:107,0
DA:108,0
DA:109,0
DA:113,0
DA:114,0
DA:116,0
DA:119,0
DA:120,0
DA:121,0
DA:123,0
DA:124,0
DA:135,0
DA:136,0
DA:137,0
DA:138,0
DA:141,0
DA:142,0
DA:144,0
DA:145,0
DA:146,0
DA:149,0
DA:152,0
DA:153,0
DA:155,0
DA:156,0
DA:157,0
DA:159,0
DA:160,0
DA:162,0
DA:163,0
DA:164,0
DA:165,0
DA:167,0
DA:168,0
DA:169,0
DA:170,0
DA:173,0
DA:174,0
DA:176,0
DA:177,0
DA:178,0
DA:179,0
DA:180,0
DA:182,0
DA:186,0
DA:187,0
DA:188,0
DA:190,0
DA:191,0
DA:193,0
DA:194,0
DA:198,1
LF:96
LH:7
BRDA:39,0,0,0
BRDA:40,1,0,0
BRDA:40,1,1,0
BRDA:47,2,0,0
BRDA:47,2,1,0
BRDA:47,3,0,0
BRDA:47,3,1,0
BRDA:47,3,2,0
BRDA:50,4,0,0
BRDA:50,4,1,0
BRDA:52,5,0,0
BRDA:52,5,1,0
BRDA:67,6,0,0
BRDA:67,6,1,0
BRDA:77,7,0,0
BRDA:77,7,1,0
BRDA:83,8,0,0
BRDA:83,8,1,0
BRDA:90,9,0,0
BRDA:90,9,1,0
BRDA:92,10,0,0
BRDA:92,10,1,0
BRDA:100,11,0,0
BRDA:100,11,1,0
BRDA:113,12,0,0
BRDA:113,12,1,0
BRDA:119,13,0,0
BRDA:119,13,1,0
BRDA:135,14,0,0
BRDA:135,14,1,0
BRDA:144,15,0,0
BRDA:144,15,1,0
BRDA:177,16,0,0
BRDA:177,16,1,0
BRDA:179,17,0,0
BRDA:179,17,1,0
BRDA:186,18,0,0
BRDA:186,18,1,0
BRF:38
BRH:0
end_of_record
TN:
SF:index.js
FN:23,compress
FN:56,decompress
FN:85,containsKanji
FN:96,containsSemanticSymbols
FN:109,compare
FN:176,generatePrompt
FN:188,getStats
FN:199,estimateTokens
FNF:8
FNH:7
FNDA:21,compress
FNDA:15,decompress
FNDA:20,containsKanji
FNDA:13,containsSemanticSymbols
FNDA:1,compare
FNDA:2,generatePrompt
FNDA:0,getStats
FNDA:2,estimateTokens
DA:9,3
DA:10,3
DA:11,3
DA:12,3
DA:13,3
DA:25,21
DA:26,3
DA:27,3
DA:31,21
DA:37,21
DA:39,5
DA:42,15
DA:44,1
DA:57,15
DA:59,15
DA:60,13
DA:61,0
DA:63,13
DA:65,2
DA:68,0
DA:70,0
DA:73,0
DA:75,0
DA:87,20
DA:99,13
DA:111,1
DA:112,0
DA:115,1
DA:117,1
DA:123,1
DA:126,1
DA:128,1
DA:129,1
DA:130,1
DA:133,1
DA:134,1
DA:138,1
DA:141,1
DA:164,0
DA:177,2
DA:189,0
DA:200,2
DA:204,3
DA:218,3
DA:219,0
LF:45
LH:36
BRDA:23,0,0,6
BRDA:23,1,0,21
BRDA:25,2,0,3
BRDA:25,2,1,18
BRDA:25,3,0,21
BRDA:25,3,1,21
BRDA:37,4,0,5
BRDA:37,4,1,15
BRDA:37,4,2,15
BRDA:37,4,3,1
BRDA:56,5,0,13
BRDA:56,6,0,15
BRDA:57,7,0,15
BRDA:57,7,1,0
BRDA:59,8,0,13
BRDA:59,8,1,2
BRDA:60,9,0,0
BRDA:60,9,1,13
BRDA:68,10,0,0
BRDA:68,10,1,0
BRDA:68,10,2,0
BRDA:68,10,3,0
BRDA:109,11,0,1
BRDA:111,12,0,0
BRDA:111,12,1,1
BRDA:111,13,0,1
BRDA:111,13,1,1
BRDA:133,14,0,1
BRDA:133,14,1,0
BRDA:138,15,0,1
BRDA:138,15,1,0
BRDA:176,16,0,0
BRDA:176,17,0,2
BRDA:176,18,0,2
BRDA:188,19,0,0
BRDA:199,20,0,1
BRDA:218,21,0,0
BRDA:218,21,1,3
BRF:38
BRH:26
end_of_record
TN:
SF:js-kanji-compressor.js
FN:18,compress
FN:45,preprocess
FN:56,(anonymous_2)
FN:72,(anonymous_3)
FN:91,applyKanjiSubstitution
FN:96,(anonymous_5)
FN:117,optimizeWhitespace
FN:209,isKanjiCompressed
FN:222,analyzeCode
FN:234,(anonymous_9)
FN:235,(anonymous_10)
FN:261,(anonymous_11)
FNF:12
FNH:8
FNDA:73,compress
FNDA:73,preprocess
FNDA:7,(anonymous_2)
FNDA:1940,(anonymous_3)
FNDA:73,applyKanjiSubstitution
FNDA:105777,(anonymous_5)
FNDA:73,optimizeWhitespace
FNDA:6,isKanjiCompressed
FNDA:0,analyzeCode
FNDA:0,(anonymous_9)
FNDA:0,(anonymous_10)
FNDA:0,(anonymous_11)
DA:8,5
DA:9,5
DA:20,73
DA:27,73
DA:30,73
DA:33,73
DA:35,73
DA:46,73
DA:49,73
DA:50,6
DA:56,67
DA:58,7
DA:62,67
DA:66,73
DA:67,4
DA:71,73
DA:72,73
DA:74,1940
DA:75,31
DA:76,31
DA:79,1909
DA:82,73
DA:92,73
DA:95,73
DA:96,105777
DA:98,73
DA:100,17739
DA:103,17739
DA:104,17739
DA:107,73
DA:119,73
DA:120,73
DA:122,73
DA:123,1880
DA:126,1880
DA:128,31
DA:131,31
DA:134,31
DA:137,31
DA:140,31
DA:143,31
DA:146,31
DA:149,31
DA:152,1849
DA:154,0
DA:157,1849
DA:159,6
DA:162,1843
DA:164,0
DA:169,1843
DA:172,1843
DA:175,1843
DA:178,1843
DA:181,1843
DA:184,1880
DA:190,73
DA:191,69
DA:194,4
DA:198,73
DA:200,73
DA:211,6
DA:212,6
DA:213,6
DA:224,0
DA:225,0
DA:227,0
DA:228,0
DA:232,0
DA:233,0
DA:234,0
DA:235,0
DA:239,0
DA:240,0
DA:241,0
DA:242,0
DA:243,0
DA:246,0
DA:247,0
DA:248,0
DA:249,0
DA:251,0
DA:261,0
DA:270,5
LF:83
LH:62
BRDA:18,0,0,21
BRDA:49,1,0,6
BRDA:49,1,1,67
BRDA:66,2,0,4
BRDA:66,2,1,69
BRDA:74,3,0,31
BRDA:74,3,1,1909
BRDA:126,4,0,31
BRDA:126,4,1,1849
BRDA:152,5,0,0
BRDA:152,5,1,1849
BRDA:152,6,0,1849
BRDA:152,6,1,6
BRDA:157,7,0,6
BRDA:157,7,1,1843
BRDA:162,8,0,0
BRDA:162,8,1,1843
BRDA:190,9,0,69
BRDA:190,9,1,4
BRDA:225,10,0,0
BRDA:225,10,1,0
BRDA:228,11,0,0
BRDA:228,11,1,0
BRDA:234,12,0,0
BRDA:234,12,1,0
BRF:25
BRH:17
end_of_record
TN:
SF:js-kanji-decompressor.js
FN:16,decompress
FN:30,(anonymous_1)
FN:63,(anonymous_2)
FN:70,(anonymous_3)
FN:83,(anonymous_4)
FN:156,applyCommonFixes
FN:201,formatCode
FN:252,processLine
FNF:8
FNH:8
FNDA:53,decompress
FNDA:12879,(anonymous_1)
FNDA:23,(anonymous_2)
FNDA:52311,(anonymous_3)
FNDA:23,(anonymous_4)
FNDA:53,applyCommonFixes
FNDA:53,formatCode
FNDA:1692,processLine
DA:7,5
DA:17,53
DA:18,0
DA:22,53
DA:29,53
DA:30,12879
DA:34,53
DA:50,53
DA:51,53
DA:53,53
DA:55,53
DA:56,23
DA:63,53
DA:64,23
DA:69,53
DA:70,52311
DA:72,53
DA:74,12190
DA:75,12190
DA:79,53
DA:82,53
DA:83,10
DA:85,23
DA:88,23
DA:89,23
DA:92,23
DA:94,8
DA:125,8
DA:126,8
DA:128,7
DA:129,697
DA:130,7
DA:131,7
DA:138,23
DA:143,53
DA:144,53
DA:147,53
DA:157,53
DA:205,53
DA:206,53
DA:207,53
DA:210,53
DA:211,1680
DA:212,1680
DA:215,1678
DA:218,1678
DA:219,41
DA:223,1678
DA:224,1678
DA:227,1678
DA:228,41
DA:232,1678
DA:233,61
DA:236,61
DA:237,2
DA:243,53
DA:254,1692
DA:262,1692
DA:269,1692
DA:274,1692
DA:277,1692
DA:279,19
DA:282,19
DA:312,19
DA:313,14
DA:315,5
DA:319,1673
DA:322,1673
DA:323,5
DA:327,1673
DA:328,13
DA:332,1673
DA:357,1673
DA:361,5
LF:74
LH:73
BRDA:16,0,0,24
BRDA:17,1,0,0
BRDA:17,1,1,53
BRDA:17,2,0,53
BRDA:17,2,1,53
BRDA:51,3,0,53
BRDA:51,3,1,0
BRDA:82,4,0,10
BRDA:82,4,1,43
BRDA:82,5,0,53
BRDA:82,5,1,53
BRDA:89,6,0,23
BRDA:89,6,1,15
BRDA:92,7,0,8
BRDA:92,7,1,15
BRDA:126,8,0,7
BRDA:126,8,1,1
BRDA:129,9,0,7
BRDA:129,9,1,690
BRDA:143,10,0,53
BRDA:143,10,1,0
BRDA:212,11,0,2
BRDA:212,11,1,1678
BRDA:218,12,0,41
BRDA:218,12,1,1637
BRDA:227,13,0,41
BRDA:227,13,1,1637
BRDA:227,14,0,1678
BRDA:227,14,1,1637
BRDA:232,15,0,61
BRDA:232,15,1,1617
BRDA:232,16,0,1678
BRDA:232,16,1,79
BRDA:236,17,0,2
BRDA:236,17,1,59
BRDA:236,18,0,61
BRDA:236,18,1,61
BRDA:277,19,0,19
BRDA:277,19,1,1673
BRDA:312,20,0,14
BRDA:312,20,1,5
BRDA:322,21,0,5
BRDA:322,21,1,1668
BRDA:322,22,0,1673
BRDA:322,22,1,1577
BRDA:327,23,0,13
BRDA:327,23,1,1660
BRDA:327,24,0,1673
BRDA:327,24,1,1577
BRDA:327,24,2,1556
BRF:50
BRH:47
end_of_record
TN:
SF:prompt-generator.js
FN:28,getPromptPart
FN:49,generate
FN:115,splitPrompt
FNF:3
FNH:3
FNDA:57,getPromptPart
FNDA:14,generate
FNDA:1,splitPrompt
DA:8,5
DA:9,5
DA:12,5
DA:13,5
DA:29,57
DA:30,57
DA:31,57
DA:34,0
DA:36,0
DA:37,0
DA:50,14
DA:51,14
DA:55,14
DA:57,0
DA:58,0
DA:60,7
DA:61,7
DA:64,7
DA:65,7
DA:67,0
DA:71,14
DA:73,14
DA:75,7
DA:84,7
DA:86,2
DA:91,5
DA:93,5
DA:98,0
DA:102,14
DA:103,1
DA:106,13
DA:117,1
DA:120,1
DA:126,1
DA:132,1
DA:139,1
DA:144,1
DA:148,5
LF:38
LH:31
BRDA:30,0,0,57
BRDA:30,0,1,0
BRDA:30,1,0,57
BRDA:30,1,1,57
BRDA:49,2,0,0
BRDA:49,3,0,0
BRDA:49,4,0,9
BRDA:55,5,0,0
BRDA:55,5,1,7
BRDA:55,5,2,7
BRDA:55,5,3,7
BRDA:55,5,4,0
BRDA:73,6,0,7
BRDA:73,6,1,7
BRDA:84,7,0,2
BRDA:84,7,1,5
BRDA:91,8,0,5
BRDA:91,8,1,0
BRDA:102,9,0,1
BRDA:102,9,1,13
BRDA:102,10,0,14
BRDA:102,10,1,1
BRF:22
BRH:16
end_of_record
TN:
SF:semantic-kanji-module.js
FN:24,(anonymous_0)
FN:47,(anonymous_1)
FN:77,(anonymous_2)
FN:110,(anonymous_3)
FN:130,(anonymous_4)
FN:179,(anonymous_5)
FN:186,(anonymous_6)
FN:198,(anonymous_7)
FN:214,(anonymous_8)
FN:229,(anonymous_9)
FN:255,(anonymous_10)
FN:273,(anonymous_11)
FN:283,(anonymous_12)
FN:285,(anonymous_13)
FN:308,(anonymous_14)
FN:331,(anonymous_15)
FN:351,(anonymous_16)
FN:360,(anonymous_17)
FN:391,(anonymous_18)
FN:413,(anonymous_19)
FN:429,(anonymous_20)
FN:433,(anonymous_21)
FN:437,(anonymous_22)
FN:443,(anonymous_23)
FN:448,(anonymous_24)
FN:453,(anonymous_25)
FN:458,(anonymous_26)
FN:463,(anonymous_27)
FN:468,(anonymous_28)
FN:473,(anonymous_29)
FNF:30
FNH:13
FNDA:6,(anonymous_0)
FNDA:4,(anonymous_1)
FNDA:4,(anonymous_2)
FNDA:7,(anonymous_3)
FNDA:0,(anonymous_4)
FNDA:0,(anonymous_5)
FNDA:0,(anonymous_6)
FNDA:1,(anonymous_7)
FNDA:2,(anonymous_8)
FNDA:0,(anonymous_9)
FNDA:0,(anonymous_10)
FNDA:2,(anonymous_11)
FNDA:1,(anonymous_12)
FNDA:1,(anonymous_13)
FNDA:1,(anonymous_14)
FNDA:1,(anonymous_15)
FNDA:1,(anonymous_16)
FNDA:1,(anonymous_17)
FNDA:0,(anonymous_18)
FNDA:0,(anonymous_19)
FNDA:0,(anonymous_20)
FNDA:0,(anonymous_21)
FNDA:0,(anonymous_22)
FNDA:0,(anonymous_23)
FNDA:0,(anonymous_24)
FNDA:0,(anonymous_25)
FNDA:0,(anonymous_26)
FNDA:0,(anonymous_27)
FNDA:0,(anonymous_28)
FNDA:0,(anonymous_29)
DA:9,2
DA:12,2
DA:13,2
DA:14,2
DA:25,6
DA:48,4
DA:50,4
DA:55,4
DA:58,0
DA:60,0
DA:63,4
DA:65,0
DA:78,4
DA:83,4
DA:84,3
DA:86,1
DA:89,4
DA:92,0
DA:95,1
DA:98,3
DA:100,0
DA:111,7
DA:112,5
DA:115,2
DA:116,1
DA:120,1
DA:132,0
DA:133,0
DA:134,0
DA:136,0
DA:137,0
DA:138,0
DA:140,0
DA:180,0
DA:186,0
DA:187,0
DA:199,1
DA:200,1
DA:203,1
DA:205,1
DA:215,2
DA:230,0
DA:232,0
DA:235,0
DA:237,0
DA:240,0
DA:244,0
DA:256,0
DA:257,0
DA:260,0
DA:262,0
DA:274,2
DA:285,1
DA:286,1
DA:287,1
DA:288,1
DA:289,1
DA:290,1
DA:293,0
DA:296,0
DA:309,1
DA:310,1
DA:312,1
DA:316,1
DA:332,1
DA:334,0
DA:336,0
DA:339,1
DA:341,0
DA:352,1
DA:360,1
DA:362,1
DA:363,1
DA:366,1
DA:367,1
DA:369,1
DA:370,1
DA:371,1
DA:372,1
DA:373,1
DA:375,0
DA:383,1
DA:384,1
DA:385,1
DA:389,1
DA:391,1
DA:392,0
DA:394,0
DA:395,0
DA:396,0
DA:397,0
DA:404,0
DA:405,0
DA:409,0
DA:413,1
DA:414,0
DA:415,0
DA:418,0
DA:422,1
DA:430,0
DA:434,0
DA:438,0
DA:443,2
DA:444,0
DA:445,0
DA:448,2
DA:449,0
DA:450,0
DA:453,2
DA:454,0
DA:455,0
DA:458,2
DA:459,0
DA:460,0
DA:463,2
DA:464,0
DA:465,0
DA:468,2
DA:469,0
DA:470,0
DA:473,2
DA:474,0
DA:475,0
DA:478,2
LF:124
LH:65
BRDA:24,0,0,5
BRDA:47,1,0,2
BRDA:47,2,0,4
BRDA:55,3,0,0
BRDA:55,3,1,0
BRDA:55,3,2,4
BRDA:55,3,3,4
BRDA:55,3,4,0
BRDA:77,4,0,2
BRDA:77,5,0,4
BRDA:83,6,0,3
BRDA:83,6,1,1
BRDA:89,7,0,0
BRDA:89,7,1,1
BRDA:89,7,2,3
BRDA:89,7,3,3
BRDA:89,7,4,0
BRDA:92,8,0,0
BRDA:92,8,1,0
BRDA:95,9,0,1
BRDA:95,9,1,1
BRDA:111,10,0,5
BRDA:111,10,1,2
BRDA:115,11,0,1
BRDA:115,11,1,1
BRDA:130,12,0,0
BRDA:187,13,0,0
BRDA:187,13,1,0
BRDA:198,14,0,1
BRDA:199,15,0,1
BRDA:199,15,1,0
BRDA:203,16,0,1
BRDA:203,16,1,1
BRDA:203,16,2,0
BRDA:216,17,0,2
BRDA:216,17,1,2
BRDA:216,17,2,1
BRDA:232,18,0,0
BRDA:232,18,1,0
BRDA:232,18,2,0
BRDA:232,18,3,0
BRDA:232,18,4,0
BRDA:240,19,0,0
BRDA:240,19,1,0
BRDA:240,19,2,0
BRDA:255,20,0,0
BRDA:256,21,0,0
BRDA:256,21,1,0
BRDA:260,22,0,0
BRDA:260,22,1,0
BRDA:260,22,2,0
BRDA:273,23,0,0
BRDA:273,24,0,0
BRDA:273,25,0,2
BRDA:286,26,0,1
BRDA:286,26,1,0
BRDA:308,27,0,0
BRDA:308,28,0,1
BRDA:312,29,0,1
BRDA:312,29,1,0
BRDA:332,30,0,0
BRDA:332,30,1,0
BRDA:332,30,2,1
BRDA:332,30,3,1
BRDA:332,30,4,0
BRDA:351,31,0,1
BRDA:366,32,0,1
BRDA:366,32,1,0
BRDA:366,33,0,1
BRDA:366,33,1,1
BRDA:366,33,2,1
BRDA:369,34,0,1
BRDA:369,34,1,0
BRDA:383,35,0,1
BRDA:383,35,1,0
BRDA:389,36,0,1
BRDA:389,36,1,0
BRDA:392,37,0,0
BRDA:392,37,1,0
BRDA:392,38,0,0
BRDA:392,38,1,0
BRDA:394,39,0,0
BRDA:394,39,1,0
BRDA:394,40,0,0
BRDA:394,40,1,0
BRDA:394,40,2,0
BRDA:396,41,0,0
BRDA:396,41,1,0
BRDA:404,42,0,0
BRDA:404,42,1,0
BRDA:404,43,0,0
BRDA:404,43,1,0
BRDA:414,44,0,0
BRDA:414,44,1,0
BRDA:443,45,0,0
BRDA:443,46,0,0
BRDA:448,47,0,0
BRDA:448,48,0,0
BRDA:453,49,0,0
BRDA:458,50,0,0
BRDA:463,51,0,0
BRDA:468,52,0,0
BRDA:468,53,0,0
BRDA:468,54,0,0
BRF:104
BRH:39
end_of_record
TN:
SF:semantic-kanji.js
FN:23,(anonymous_0)
FN:47,(anonymous_1)
FN:84,(anonymous_2)
FN:104,(anonymous_3)
FN:110,(anonymous_4)
FN:139,(anonymous_5)
FN:173,(anonymous_6)
FN:192,(anonymous_7)
FN:198,(anonymous_8)
FN:220,(anonymous_9)
FN:238,(anonymous_10)
FN:250,(anonymous_11)
FN:298,(anonymous_12)
FN:304,(anonymous_13)
FN:316,(anonymous_14)
FN:332,(anonymous_15)
FN:346,(anonymous_16)
FN:367,(anonymous_17)
FN:385,(anonymous_18)
FN:395,(anonymous_19)
FN:397,(anonymous_20)
FN:420,(anonymous_21)
FN:443,(anonymous_22)
FN:463,(anonymous_23)
FN:472,(anonymous_24)
FN:503,(anonymous_25)
FN:525,(anonymous_26)
FN:541,(anonymous_27)
FN:545,(anonymous_28)
FN:551,(anonymous_29)
FN:568,(anonymous_30)
FN:579,(anonymous_31)
FN:584,(anonymous_32)
FN:589,(anonymous_33)
FN:594,(anonymous_34)
FN:599,(anonymous_35)
FN:610,(anonymous_36)
FNF:37
FNH:10
FNDA:57,(anonymous_0)
FNDA:42,(anonymous_1)
FNDA:32,(anonymous_2)
FNDA:0,(anonymous_3)
FNDA:0,(anonymous_4)
FNDA:15,(anonymous_5)
FNDA:12,(anonymous_6)
FNDA:0,(anonymous_7)
FNDA:0,(anonymous_8)
FNDA:12,(anonymous_9)
FNDA:12,(anonymous_10)
FNDA:0,(anonymous_11)
FNDA:0,(anonymous_12)
FNDA:0,(anonymous_13)
FNDA:0,(anonymous_14)
FNDA:0,(anonymous_15)
FNDA:0,(anonymous_16)
FNDA:0,(anonymous_17)
FNDA:0,(anonymous_18)
FNDA:0,(anonymous_19)
FNDA:0,(anonymous_20)
FNDA:0,(anonymous_21)
FNDA:0,(anonymous_22)
FNDA:0,(anonymous_23)
FNDA:0,(anonymous_24)
FNDA:0,(anonymous_25)
FNDA:0,(anonymous_26)
FNDA:0,(anonymous_27)
FNDA:0,(anonymous_28)
FNDA:42,(anonymous_29)
FNDA:15,(anonymous_30)
FNDA:0,(anonymous_31)
FNDA:0,(anonymous_32)
FNDA:0,(anonymous_33)
FNDA:0,(anonymous_34)
FNDA:0,(anonymous_35)
FNDA:9,(anonymous_36)
DA:9,4
DA:10,4
DA:11,4
DA:12,4
DA:13,4
DA:24,57
DA:49,42
DA:50,0
DA:51,0
DA:54,42
DA:56,42
DA:61,42
DA:63,10
DA:67,32
DA:69,0
DA:86,32
DA:89,32
DA:91,1632
DA:93,1632
DA:96,1632
DA:101,1632
DA:104,1632
DA:106,0
DA:109,0
DA:110,0
DA:111,0
DA:114,0
DA:118,0
DA:123,32
DA:126,32
DA:128,32
DA:140,15
DA:145,15
DA:147,15
DA:148,12
DA:151,15
DA:153,0
DA:157,12
DA:159,3
DA:175,12
DA:178,12
DA:183,12
DA:185,612
DA:187,612
DA:189,612
DA:192,612
DA:194,0
DA:197,0
DA:198,0
DA:199,0
DA:202,0
DA:207,0
DA:211,12
DA:221,12
DA:222,12
DA:225,0
DA:226,0
DA:229,0
DA:240,12
DA:252,0
DA:253,0
DA:256,0
DA:257,0
DA:258,0
DA:260,0
DA:261,0
DA:262,0
DA:264,0
DA:287,0
DA:299,0
DA:304,0
DA:305,0
DA:317,0
DA:318,0
DA:321,0
DA:323,0
DA:333,0
DA:347,0
DA:349,0
DA:352,0
DA:354,0
DA:356,0
DA:368,0
DA:369,0
DA:372,0
DA:374,0
DA:386,0
DA:397,0
DA:398,0
DA:399,0
DA:400,0
DA:401,0
DA:402,0
DA:405,0
DA:408,0
DA:421,0
DA:422,0
DA:424,0
DA:428,0
DA:444,0
DA:446,0
DA:448,0
DA:451,0
DA:453,0
DA:464,0
DA:472,0
DA:474,0
DA:475,0
DA:478,0
DA:479,0
DA:481,0
DA:482,0
DA:483,0
DA:484,0
DA:485,0
DA:487,0
DA:495,0
DA:496,0
DA:497,0
DA:501,0
DA:503,0
DA:504,0
DA:506,0
DA:507,0
DA:508,0
DA:509,0
DA:516,0
DA:517,0
DA:521,0
DA:525,0
DA:526,0
DA:527,0
DA:530,0
DA:534,0
DA:542,0
DA:546,0
DA:551,4
DA:552,42
DA:554,42
DA:555,21
DA:556,21
DA:559,42
DA:560,42
DA:562,0
DA:564,0
DA:568,4
DA:569,15
DA:570,15
DA:571,15
DA:573,3
DA:575,3
DA:579,4
DA:580,0
DA:581,0
DA:584,4
DA:585,0
DA:586,0
DA:589,4
DA:590,0
DA:591,0
DA:594,4
DA:595,0
DA:596,0
DA:599,4
DA:600,0
DA:601,0
DA:610,4
DA:613,9
DA:614,9
DA:617,4
LF:170
LH:62
BRDA:23,0,0,57
BRDA:47,1,0,0
BRDA:47,2,0,0
BRDA:49,3,0,0
BRDA:49,3,1,42
BRDA:49,4,0,42
BRDA:49,4,1,42
BRDA:61,5,0,10
BRDA:61,5,1,32
BRDA:61,5,2,32
BRDA:61,5,3,0
BRDA:84,6,0,0
BRDA:91,7,0,0
BRDA:91,7,1,1632
BRDA:139,8,0,0
BRDA:139,9,0,0
BRDA:147,10,0,12
BRDA:147,10,1,3
BRDA:151,11,0,0
BRDA:151,11,1,12
BRDA:151,11,2,12
BRDA:151,11,3,3
BRDA:173,12,0,0
BRDA:185,13,0,0
BRDA:185,13,1,612
BRDA:221,14,0,12
BRDA:221,14,1,0
BRDA:225,15,0,0
BRDA:225,15,1,0
BRDA:240,16,0,12
BRDA:240,16,1,0
BRDA:250,17,0,0
BRDA:252,18,0,0
BRDA:252,18,1,0
BRDA:252,19,0,0
BRDA:252,19,1,0
BRDA:305,20,0,0
BRDA:305,20,1,0
BRDA:316,21,0,0
BRDA:317,22,0,0
BRDA:317,22,1,0
BRDA:321,23,0,0
BRDA:321,23,1,0
BRDA:321,23,2,0
BRDA:334,24,0,0
BRDA:334,24,1,0
BRDA:349,25,0,0
BRDA:349,25,1,0
BRDA:349,25,2,0
BRDA:349,25,3,0
BRDA:367,26,0,0
BRDA:368,27,0,0
BRDA:368,27,1,0
BRDA:372,28,0,0
BRDA:372,28,1,0
BRDA:372,28,2,0
BRDA:385,29,0,0
BRDA:385,30,0,0
BRDA:385,31,0,0
BRDA:398,32,0,0
BRDA:398,32,1,0
BRDA:420,33,0,0
BRDA:420,34,0,0
BRDA:424,35,0,0
BRDA:424,35,1,0
BRDA:444,36,0,0
BRDA:444,36,1,0
BRDA:444,36,2,0
BRDA:444,36,3,0
BRDA:444,36,4,0
BRDA:463,37,0,0
BRDA:478,38,0,0
BRDA:478,38,1,0
BRDA:478,39,0,0
BRDA:478,39,1,0
BRDA:478,39,2,0
BRDA:481,40,0,0
BRDA:481,40,1,0
BRDA:495,41,0,0
BRDA:495,41,1,0
BRDA:501,42,0,0
BRDA:501,42,1,0
BRDA:504,43,0,0
BRDA:504,43,1,0
BRDA:504,44,0,0
BRDA:504,44,1,0
BRDA:506,45,0,0
BRDA:506,45,1,0
BRDA:506,46,0,0
BRDA:506,46,1,0
BRDA:506,46,2,0
BRDA:508,47,0,0
BRDA:508,47,1,0
BRDA:516,48,0,0
BRDA:516,48,1,0
BRDA:516,49,0,0
BRDA:516,49,1,0
BRDA:526,50,0,0
BRDA:526,50,1,0
BRDA:551,51,0,0
BRDA:551,52,0,41
BRDA:554,53,0,21
BRDA:554,53,1,21
BRDA:554,54,0,42
BRDA:554,54,1,42
BRDA:568,55,0,12
BRDA:568,56,0,15
BRDA:579,57,0,0
BRDA:584,58,0,0
BRDA:589,59,0,0
BRDA:594,60,0,0
BRDA:594,61,0,0
BRDA:594,62,0,0
BRDA:614,63,0,9
BRDA:614,63,1,9
BRF:115
BRH:25
end_of_record
TN:
SF:semantic-patterns.js
FNF:0
FNH:0
DA:12,4
LF:1
LH:1
BRF:0
BRH:0
end_of_record
TN:
SF:utils.js
FN:12,estimateTokens
FN:38,getCompressionStats
FN:83,formatCompressionResult
FNF:3
FNH:2
FNDA:23,estimateTokens
FNDA:5,getCompressionStats
FNDA:0,formatCompressionResult
DA:13,23
DA:15,13
DA:20,10
DA:21,10
DA:24,10
DA:25,10
DA:27,10
DA:40,5
DA:41,0
DA:44,5
DA:45,0
DA:48,5
DA:49,5
DA:50,5
DA:53,5
DA:56,5
DA:57,5
DA:58,5
DA:61,5
DA:64,5
DA:84,0
DA:92,6
LF:22
LH:19
BRDA:12,0,0,0
BRDA:13,1,0,13
BRDA:13,1,1,10
BRDA:38,2,0,0
BRDA:40,3,0,0
BRDA:40,3,1,5
BRDA:40,4,0,5
BRDA:40,4,1,5
BRDA:44,5,0,0
BRDA:44,5,1,5
BRDA:44,6,0,5
BRDA:44,6,1,5
BRDA:53,7,0,0
BRDA:53,7,1,5
BRDA:61,8,0,0
BRDA:61,8,1,5
BRF:16
BRH:10
end_of_record
